<?xml version="1.0" encoding="UTF-8"?>
<!-- Generated by org.testng.reporters.JUnitXMLReporter -->
<testsuite ignored="1" hostname="ZephrysG14" failures="0" tests="1" name="Default test" time="4.765" errors="0" timestamp="2024-08-15T21:16:46 IST">
  <testcase classname="testcases.verifyloginpage" name="addproduct" time="1.595"/>
  <testcase classname="testcases.verifyloginpage" name="loginfunctionality" time="0.0">
    <ignored/>
  </testcase> <!-- loginfunctionality -->
</testsuite> <!-- Default test -->
