<?xml version="1.0" encoding="UTF-8"?>
<testng-results ignored="0" total="1" passed="1" failed="0" skipped="0">
  <reporter-output>
  </reporter-output>
  <suite started-at="2024-08-15T21:16:41 IST" name="Default suite" finished-at="2024-08-15T21:16:46 IST" duration-ms="4765">
    <groups>
    </groups>
    <test started-at="2024-08-15T21:16:41 IST" name="Default test" finished-at="2024-08-15T21:16:46 IST" duration-ms="4765">
      <class name="testcases.verifyloginpage">
        <test-method is-config="true" signature="openpage()[pri:0, instance:testcases.verifyloginpage@6f01b95f]" started-at="2024-08-15T21:16:41 IST" name="openpage" finished-at="2024-08-15T21:16:44 IST" duration-ms="3124" status="PASS">
          <reporter-output>
          </reporter-output>
        </test-method> <!-- openpage -->
        <test-method signature="addproduct()[pri:2, instance:testcases.verifyloginpage@6f01b95f]" started-at="2024-08-15T21:16:44 IST" name="addproduct" finished-at="2024-08-15T21:16:46 IST" duration-ms="1595" status="PASS">
          <reporter-output>
          </reporter-output>
        </test-method> <!-- addproduct -->
      </class> <!-- testcases.verifyloginpage -->
    </test> <!-- Default test -->
  </suite> <!-- Default suite -->
</testng-results>
